Using pre-set license
Built from '2020.3/china_unity/release' branch; Version is '2020.3.48f1c1 (06fbdfbf16e3) revision 457695'; Using compiler version '192528614'; Build Type 'Release'
OS: 'Windows 10  (10.0.19045) 64bit Professional' Language: 'zh' Physical Memory: 32581 MB
BatchMode: 1, IsHumanControllingUs: 0, StartBugReporterOnCrash: 0, Is64bit: 1, IsPro: 0

COMMAND LINE ARGUMENTS:
E:\Unity Engine\2020.3.48f1c1\Editor\Unity.exe
-adb2
-batchMode
-noUpm
-name
AssetImportWorker0
-projectPath
D:/2025GGJ/2025GGJ
-logFile
Logs/AssetImportWorker0.log
-srvPort
1912
Successfully changed project path to: D:/2025GGJ/2025GGJ
D:/2025GGJ/2025GGJ
Using Asset Import Pipeline V2.
Player connection [18212] Host "[IP] 192.168.2.115 [Port] 73 [Flags] 2 [Guid] 3053191739 [EditorId] 3053191739 [Version] 1048832 [Id] WindowsEditor(7,CHINAMI-B33ADJT) [Debug] 1 [PackageName] WindowsEditor [ProjectName] Editor" joined multi-casting on [225.0.0.222:54997]...

Player connection [18212] Host "[IP] 192.168.2.115 [Port] 73 [Flags] 2 [Guid] 3053191739 [EditorId] 3053191739 [Version] 1048832 [Id] WindowsEditor(7,CHINAMI-B33ADJT) [Debug] 1 [PackageName] WindowsEditor [ProjectName] Editor" joined alternative multi-casting on [225.0.0.222:34997]...

AS: AutoStreaming module initializing.Refreshing native plugins compatible for Editor in 82.10 ms, found 3 plugins.
Preloading 0 native plugins for Editor in 0.00 ms.
Initialize engine version: 2020.3.48f1c1 (06fbdfbf16e3)
[Subsystems] Discovering subsystems at path E:/Unity Engine/2020.3.48f1c1/Editor/Data/Resources/UnitySubsystems
[Subsystems] Discovering subsystems at path D:/2025GGJ/2025GGJ/Assets
GfxDevice: creating device client; threaded=0
Direct3D:
    Version:  Direct3D 11.0 [level 11.1]
    Renderer: NVIDIA GeForce RTX 4070 (ID=0x2786)
    Vendor:   
    VRAM:     12012 MB
    Driver:   32.0.15.6614
Shader 'MoreMountains/MMRipple': fallback shader 'Particle/AlphaBlended' not found
Initialize mono
Mono path[0] = 'E:/Unity Engine/2020.3.48f1c1/Editor/Data/Managed'
Mono path[1] = 'E:/Unity Engine/2020.3.48f1c1/Editor/Data/MonoBleedingEdge/lib/mono/unityjit'
Mono config path = 'E:/Unity Engine/2020.3.48f1c1/Editor/Data/MonoBleedingEdge/etc'
Using monoOptions --debugger-agent=transport=dt_socket,embedding=1,server=y,suspend=n,address=127.0.0.1:56108
Begin MonoManager ReloadAssembly
Registering precompiled unity dll's ...
Register platform support module: E:/Unity Engine/2020.3.48f1c1/Editor/Data/PlaybackEngines/WebGLSupport/UnityEditor.WebGL.Extensions.dll
Register platform support module: E:/Unity Engine/2020.3.48f1c1/Editor/Data/PlaybackEngines/WindowsStandaloneSupport/UnityEditor.WindowsStandalone.Extensions.dll
Registered in 0.001611 seconds.
Native extension for WindowsStandalone target not found
Native extension for WebGL target not found
Refreshing native plugins compatible for Editor in 85.16 ms, found 3 plugins.
Preloading 0 native plugins for Editor in 0.00 ms.
Mono: successfully reloaded assembly
- Completed reload, in  0.557 seconds
Domain Reload Profiling:
	ReloadAssembly (558ms)
		BeginReloadAssembly (54ms)
			ExecutionOrderSort (0ms)
			DisableScriptedObjects (0ms)
			BackupInstance (0ms)
			ReleaseScriptingObjects (0ms)
			CreateAndSetChildDomain (1ms)
		EndReloadAssembly (443ms)
			LoadAssemblies (53ms)
			RebuildTransferFunctionScriptingTraits (0ms)
			SetupTypeCache (121ms)
			ReleaseScriptCaches (0ms)
			RebuildScriptCaches (26ms)
			SetupLoadedEditorAssemblies (202ms)
				LogAssemblyErrors (0ms)
				InitializePlatformSupportModulesInManaged (5ms)
				SetLoadedEditorAssemblies (0ms)
				RefreshPlugins (85ms)
				BeforeProcessingInitializeOnLoad (15ms)
				ProcessInitializeOnLoadAttributes (72ms)
				ProcessInitializeOnLoadMethodAttributes (25ms)
				AfterProcessingInitializeOnLoad (0ms)
				EditorAssembliesLoaded (0ms)
			ExecutionOrderSort2 (0ms)
			AwakeInstancesAfterBackupRestoration (0ms)
Platform modules already initialized, skipping
Registering precompiled user dll's ...
Registered in 0.002304 seconds.
Begin MonoManager ReloadAssembly
Native extension for WindowsStandalone target not found
Native extension for WebGL target not found
Refreshing native plugins compatible for Editor in 86.98 ms, found 3 plugins.
Preloading 0 native plugins for Editor in 0.00 ms.
Mono: successfully reloaded assembly
- Completed reload, in  1.157 seconds
Domain Reload Profiling:
	ReloadAssembly (1158ms)
		BeginReloadAssembly (121ms)
			ExecutionOrderSort (0ms)
			DisableScriptedObjects (4ms)
			BackupInstance (0ms)
			ReleaseScriptingObjects (0ms)
			CreateAndSetChildDomain (18ms)
		EndReloadAssembly (984ms)
			LoadAssemblies (92ms)
			RebuildTransferFunctionScriptingTraits (0ms)
			SetupTypeCache (287ms)
			ReleaseScriptCaches (1ms)
			RebuildScriptCaches (77ms)
			SetupLoadedEditorAssemblies (428ms)
				LogAssemblyErrors (0ms)
				InitializePlatformSupportModulesInManaged (4ms)
				SetLoadedEditorAssemblies (0ms)
				RefreshPlugins (87ms)
				BeforeProcessingInitializeOnLoad (90ms)
				ProcessInitializeOnLoadAttributes (228ms)
				ProcessInitializeOnLoadMethodAttributes (15ms)
				AfterProcessingInitializeOnLoad (4ms)
				EditorAssembliesLoaded (1ms)
			ExecutionOrderSort2 (0ms)
			AwakeInstancesAfterBackupRestoration (2ms)
Platform modules already initialized, skipping
========================================================================
Worker process is ready to serve import requests
Shader 'MoreMountains/MMRipple': fallback shader 'Particle/AlphaBlended' not found
Launched and connected shader compiler UnityShaderCompiler.exe after 0.03 seconds
Refreshing native plugins compatible for Editor in 1.22 ms, found 3 plugins.
Preloading 0 native plugins for Editor in 0.00 ms.
Unloading 3449 Unused Serialized files (Serialized files now loaded: 0)
System memory in use before: 229.8 MB.
System memory in use after: 229.9 MB.

Unloading 41 unused Assets to reduce memory usage. Loaded Objects now: 3885.
Total: 3.632400 ms (FindLiveObjects: 0.417900 ms CreateObjectMapping: 0.089900 ms MarkObjects: 2.910600 ms  DeleteObjects: 0.213100 ms)

AssetImportParameters requested are different than current active one (requested -> active):
  custom:framework-win-MediaFoundation: 216162199b28c13a410421893ffa2e32 -> 
  custom:video-decoder-ogg-theora: a1e56fd34408186e4bbccfd4996cb3dc -> 
  custom:container-muxer-webm: aa71ff27fc2769a1b78a27578f13a17b -> 
  custom:container-demuxer-webm: 4f35f7cbe854078d1ac9338744f61a02 -> 
  custom:container-demuxer-ogg: 62fdf1f143b41e24485cea50d1cbac27 -> 
  custom:video-encoder-webm-vp8: eb34c28f22e8b96e1ab97ce403110664 -> 
  custom:video-decoder-webm-vp8: 9c59270c3fd7afecdb556c50c9e8de78 -> 
  custom:audio-decoder-ogg-vorbis: bf7c407c2cedff20999df2af8eb42d56 -> 
  custom:audio-encoder-webm-vorbis: bf7c407c2cedff20999df2af8eb42d56 -> 
========================================================================
Received Import Request.
  path: Assets/CorgiEngine/Demos/Corgi2D/Animations/AI/cactus.anim
  artifactKey: Guid(00d7bba5cb769db42bfe4198f1fd2fc3) Importer(815301076,1909f56bfc062723c751e8b465ee728b)
Start importing Assets/CorgiEngine/Demos/Corgi2D/Animations/AI/cactus.anim using Guid(00d7bba5cb769db42bfe4198f1fd2fc3) Importer(815301076,1909f56bfc062723c751e8b465ee728b)  -> (artifact id: 'c27420d131a5b6139b786a2ba5b5ad80') in 0.031560 seconds 
========================================================================
Received Import Request.
  Time since last request: 1.384349 seconds.
  path: Assets/CorgiEngine/Demos/Corgi2D/Animations/AI/dude-walk.anim
  artifactKey: Guid(cd35a54fcc8c49e42a3a3a36e9dc0bc1) Importer(815301076,1909f56bfc062723c751e8b465ee728b)
Start importing Assets/CorgiEngine/Demos/Corgi2D/Animations/AI/dude-walk.anim using Guid(cd35a54fcc8c49e42a3a3a36e9dc0bc1) Importer(815301076,1909f56bfc062723c751e8b465ee728b)  -> (artifact id: '3ed79a7c3d860651d46a1628616f3a4a') in 0.002519 seconds 
========================================================================
Received Import Request.
  Time since last request: 0.666608 seconds.
  path: Assets/CorgiEngine/Demos/Corgi2D/Animations/AI/dude.controller
  artifactKey: Guid(128ffc9918bc5cb4994aede3ce161709) Importer(815301076,1909f56bfc062723c751e8b465ee728b)
Start importing Assets/CorgiEngine/Demos/Corgi2D/Animations/AI/dude.controller using Guid(128ffc9918bc5cb4994aede3ce161709) Importer(815301076,1909f56bfc062723c751e8b465ee728b)  -> (artifact id: 'ee98e4e1d681e31e9d8755f38a513d3f') in 0.004554 seconds 
========================================================================
Received Prepare
Registering precompiled user dll's ...
Registered in 0.003232 seconds.
Begin MonoManager ReloadAssembly
Native extension for WindowsStandalone target not found
Native extension for WebGL target not found
Refreshing native plugins compatible for Editor in 1.27 ms, found 3 plugins.
Preloading 0 native plugins for Editor in 0.00 ms.
Mono: successfully reloaded assembly
- Completed reload, in  0.982 seconds
Domain Reload Profiling:
	ReloadAssembly (983ms)
		BeginReloadAssembly (112ms)
			ExecutionOrderSort (0ms)
			DisableScriptedObjects (6ms)
			BackupInstance (0ms)
			ReleaseScriptingObjects (0ms)
			CreateAndSetChildDomain (37ms)
		EndReloadAssembly (815ms)
			LoadAssemblies (96ms)
			RebuildTransferFunctionScriptingTraits (0ms)
			SetupTypeCache (291ms)
			ReleaseScriptCaches (1ms)
			RebuildScriptCaches (44ms)
			SetupLoadedEditorAssemblies (316ms)
				LogAssemblyErrors (0ms)
				InitializePlatformSupportModulesInManaged (5ms)
				SetLoadedEditorAssemblies (0ms)
				RefreshPlugins (1ms)
				BeforeProcessingInitializeOnLoad (82ms)
				ProcessInitializeOnLoadAttributes (211ms)
				ProcessInitializeOnLoadMethodAttributes (11ms)
				AfterProcessingInitializeOnLoad (5ms)
				EditorAssembliesLoaded (1ms)
			ExecutionOrderSort2 (0ms)
			AwakeInstancesAfterBackupRestoration (2ms)
Platform modules already initialized, skipping
Shader 'MoreMountains/MMRipple': fallback shader 'Particle/AlphaBlended' not found
Refreshing native plugins compatible for Editor in 1.07 ms, found 3 plugins.
Preloading 0 native plugins for Editor in 0.00 ms.
Unloading 3393 Unused Serialized files (Serialized files now loaded: 0)
System memory in use before: 224.8 MB.
System memory in use after: 224.9 MB.

Unloading 18 unused Assets to reduce memory usage. Loaded Objects now: 3901.
Total: 2.810000 ms (FindLiveObjects: 0.238700 ms CreateObjectMapping: 0.078000 ms MarkObjects: 2.387500 ms  DeleteObjects: 0.105200 ms)

AssetImportParameters requested are different than current active one (requested -> active):
  custom:framework-win-MediaFoundation: 216162199b28c13a410421893ffa2e32 -> 
  custom:video-decoder-ogg-theora: a1e56fd34408186e4bbccfd4996cb3dc -> 
  custom:container-muxer-webm: aa71ff27fc2769a1b78a27578f13a17b -> 
  custom:container-demuxer-webm: 4f35f7cbe854078d1ac9338744f61a02 -> 
  custom:container-demuxer-ogg: 62fdf1f143b41e24485cea50d1cbac27 -> 
  custom:video-encoder-webm-vp8: eb34c28f22e8b96e1ab97ce403110664 -> 
  custom:video-decoder-webm-vp8: 9c59270c3fd7afecdb556c50c9e8de78 -> 
  custom:audio-decoder-ogg-vorbis: bf7c407c2cedff20999df2af8eb42d56 -> 
  custom:audio-encoder-webm-vorbis: bf7c407c2cedff20999df2af8eb42d56 -> 
========================================================================
Received Import Request.
  Time since last request: 36.050105 seconds.
  path: Assets/CorgiEngine/Demos/Corgi2D/Spine/Heavy/Baked/heavy-corgi (default).prefab
  artifactKey: Guid(7a5bf5fb17b66364e82ec7520e35bc49) Importer(815301076,1909f56bfc062723c751e8b465ee728b)
Start importing Assets/CorgiEngine/Demos/Corgi2D/Spine/Heavy/Baked/heavy-corgi (default).prefab using Guid(7a5bf5fb17b66364e82ec7520e35bc49) Importer(815301076,1909f56bfc062723c751e8b465ee728b)  -> (artifact id: 'f73c4c4505dbdd54a70c7bffb2b7aeb3') in 0.329248 seconds 
========================================================================
Received Import Request.
  Time since last request: 20.490415 seconds.
  path: Assets/CorgiEngine/Demos/Corgi2D/Animations/AI/blob-idle.anim
  artifactKey: Guid(f06b873eb23f9c94db2c7776f1445bd2) Importer(815301076,1909f56bfc062723c751e8b465ee728b)
Start importing Assets/CorgiEngine/Demos/Corgi2D/Animations/AI/blob-idle.anim using Guid(f06b873eb23f9c94db2c7776f1445bd2) Importer(815301076,1909f56bfc062723c751e8b465ee728b)  -> (artifact id: '80a57ccaaade1f72517d96502cc05954') in 0.002666 seconds 
========================================================================
Received Import Request.
  Time since last request: 1.768731 seconds.
  path: Assets/CorgiEngine/Demos/Corgi2D/Animations/AI/blob-walk.anim
  artifactKey: Guid(df0ced5c4d3808c458275eceb53b7feb) Importer(815301076,1909f56bfc062723c751e8b465ee728b)
Start importing Assets/CorgiEngine/Demos/Corgi2D/Animations/AI/blob-walk.anim using Guid(df0ced5c4d3808c458275eceb53b7feb) Importer(815301076,1909f56bfc062723c751e8b465ee728b)  -> (artifact id: 'f2f0df8ec8b309b0fa8f72ca3d058e9e') in 0.002534 seconds 
========================================================================
Received Import Request.
  Time since last request: 0.505612 seconds.
  path: Assets/CorgiEngine/Demos/Corgi2D/Animations/AI/blob.controller
  artifactKey: Guid(4a97937e1e715844d8f1ad165177fc61) Importer(815301076,1909f56bfc062723c751e8b465ee728b)
Start importing Assets/CorgiEngine/Demos/Corgi2D/Animations/AI/blob.controller using Guid(4a97937e1e715844d8f1ad165177fc61) Importer(815301076,1909f56bfc062723c751e8b465ee728b)  -> (artifact id: '73796c9078cf056823d5c9b5ad3d7166') in 0.003240 seconds 
========================================================================
Received Import Request.
  Time since last request: 0.559827 seconds.
  path: Assets/CorgiEngine/Demos/Corgi2D/Animations/AI/blueRobotWalk.anim
  artifactKey: Guid(94b5bc075d1480846bcc4103b23e55bd) Importer(815301076,1909f56bfc062723c751e8b465ee728b)
Start importing Assets/CorgiEngine/Demos/Corgi2D/Animations/AI/blueRobotWalk.anim using Guid(94b5bc075d1480846bcc4103b23e55bd) Importer(815301076,1909f56bfc062723c751e8b465ee728b)  -> (artifact id: 'd7fbe9c414fdf55d4b2b5b9958d8cc83') in 0.002640 seconds 
========================================================================
Received Import Request.
  Time since last request: 12.936196 seconds.
  path: Assets/Scenes/SampleScene.unity
  artifactKey: Guid(2cda990e2423bbf4892e6590ba056729) Importer(815301076,1909f56bfc062723c751e8b465ee728b)
Start importing Assets/Scenes/SampleScene.unity using Guid(2cda990e2423bbf4892e6590ba056729) Importer(815301076,1909f56bfc062723c751e8b465ee728b)  -> (artifact id: '39830e642e86629427d938554181f2fd') in 0.001894 seconds 
========================================================================
Received Import Request.
  Time since last request: 20.589990 seconds.
  path: Assets/CorgiEngine/Demos/Corgi2D/Lava.unity
  artifactKey: Guid(021858c77d85c1e4a944245dd9e0cf08) Importer(815301076,1909f56bfc062723c751e8b465ee728b)
Start importing Assets/CorgiEngine/Demos/Corgi2D/Lava.unity using Guid(021858c77d85c1e4a944245dd9e0cf08) Importer(815301076,1909f56bfc062723c751e8b465ee728b)  -> (artifact id: '46e7347b98ad780b4627f863aba31374') in 0.002226 seconds 
========================================================================
Received Prepare
Registering precompiled user dll's ...
Registered in 0.003458 seconds.
Begin MonoManager ReloadAssembly
Native extension for WindowsStandalone target not found
Native extension for WebGL target not found
Refreshing native plugins compatible for Editor in 1.08 ms, found 3 plugins.
Preloading 0 native plugins for Editor in 0.00 ms.
Mono: successfully reloaded assembly
- Completed reload, in  1.036 seconds
Domain Reload Profiling:
	ReloadAssembly (1036ms)
		BeginReloadAssembly (119ms)
			ExecutionOrderSort (0ms)
			DisableScriptedObjects (6ms)
			BackupInstance (0ms)
			ReleaseScriptingObjects (0ms)
			CreateAndSetChildDomain (40ms)
		EndReloadAssembly (859ms)
			LoadAssemblies (105ms)
			RebuildTransferFunctionScriptingTraits (0ms)
			SetupTypeCache (307ms)
			ReleaseScriptCaches (1ms)
			RebuildScriptCaches (50ms)
			SetupLoadedEditorAssemblies (328ms)
				LogAssemblyErrors (0ms)
				InitializePlatformSupportModulesInManaged (6ms)
				SetLoadedEditorAssemblies (0ms)
				RefreshPlugins (1ms)
				BeforeProcessingInitializeOnLoad (83ms)
				ProcessInitializeOnLoadAttributes (221ms)
				ProcessInitializeOnLoadMethodAttributes (12ms)
				AfterProcessingInitializeOnLoad (4ms)
				EditorAssembliesLoaded (1ms)
			ExecutionOrderSort2 (0ms)
			AwakeInstancesAfterBackupRestoration (3ms)
Platform modules already initialized, skipping
Shader 'MoreMountains/MMRipple': fallback shader 'Particle/AlphaBlended' not found
Refreshing native plugins compatible for Editor in 1.24 ms, found 3 plugins.
Preloading 0 native plugins for Editor in 0.00 ms.
Unloading 3393 Unused Serialized files (Serialized files now loaded: 0)
System memory in use before: 235.0 MB.
System memory in use after: 235.1 MB.

Unloading 18 unused Assets to reduce memory usage. Loaded Objects now: 3927.
Total: 3.112500 ms (FindLiveObjects: 0.254200 ms CreateObjectMapping: 0.079500 ms MarkObjects: 2.631200 ms  DeleteObjects: 0.146800 ms)

AssetImportParameters requested are different than current active one (requested -> active):
  custom:framework-win-MediaFoundation: 216162199b28c13a410421893ffa2e32 -> 
  custom:video-decoder-ogg-theora: a1e56fd34408186e4bbccfd4996cb3dc -> 
  custom:container-muxer-webm: aa71ff27fc2769a1b78a27578f13a17b -> 
  custom:container-demuxer-webm: 4f35f7cbe854078d1ac9338744f61a02 -> 
  custom:container-demuxer-ogg: 62fdf1f143b41e24485cea50d1cbac27 -> 
  custom:video-encoder-webm-vp8: eb34c28f22e8b96e1ab97ce403110664 -> 
  custom:video-decoder-webm-vp8: 9c59270c3fd7afecdb556c50c9e8de78 -> 
  custom:audio-decoder-ogg-vorbis: bf7c407c2cedff20999df2af8eb42d56 -> 
  custom:audio-encoder-webm-vorbis: bf7c407c2cedff20999df2af8eb42d56 -> 
========================================================================
Received Import Request.
  Time since last request: 54.866090 seconds.
  path: Assets/CorgiEngine/Demos/Corgi2D/Prefabs
  artifactKey: Guid(b0388ecef7f2b1941b9e1532c1104960) Importer(815301076,1909f56bfc062723c751e8b465ee728b)
Start importing Assets/CorgiEngine/Demos/Corgi2D/Prefabs using Guid(b0388ecef7f2b1941b9e1532c1104960) Importer(815301076,1909f56bfc062723c751e8b465ee728b)  -> (artifact id: '8e85e250a2902e47c4d05280b627b76a') in 0.005815 seconds 
========================================================================
Received Prepare
Registering precompiled user dll's ...
Registered in 0.003177 seconds.
Begin MonoManager ReloadAssembly
Native extension for WindowsStandalone target not found
Native extension for WebGL target not found
Refreshing native plugins compatible for Editor in 1.15 ms, found 3 plugins.
Preloading 0 native plugins for Editor in 0.00 ms.
Mono: successfully reloaded assembly
- Completed reload, in  1.053 seconds
Domain Reload Profiling:
	ReloadAssembly (1053ms)
		BeginReloadAssembly (115ms)
			ExecutionOrderSort (0ms)
			DisableScriptedObjects (7ms)
			BackupInstance (0ms)
			ReleaseScriptingObjects (0ms)
			CreateAndSetChildDomain (37ms)
		EndReloadAssembly (881ms)
			LoadAssemblies (104ms)
			RebuildTransferFunctionScriptingTraits (0ms)
			SetupTypeCache (303ms)
			ReleaseScriptCaches (1ms)
			RebuildScriptCaches (50ms)
			SetupLoadedEditorAssemblies (347ms)
				LogAssemblyErrors (0ms)
				InitializePlatformSupportModulesInManaged (6ms)
				SetLoadedEditorAssemblies (1ms)
				RefreshPlugins (1ms)
				BeforeProcessingInitializeOnLoad (90ms)
				ProcessInitializeOnLoadAttributes (231ms)
				ProcessInitializeOnLoadMethodAttributes (14ms)
				AfterProcessingInitializeOnLoad (5ms)
				EditorAssembliesLoaded (1ms)
			ExecutionOrderSort2 (0ms)
			AwakeInstancesAfterBackupRestoration (3ms)
Platform modules already initialized, skipping
Shader 'MoreMountains/MMRipple': fallback shader 'Particle/AlphaBlended' not found
Refreshing native plugins compatible for Editor in 1.16 ms, found 3 plugins.
Preloading 0 native plugins for Editor in 0.00 ms.
Unloading 3393 Unused Serialized files (Serialized files now loaded: 0)
System memory in use before: 235.0 MB.
System memory in use after: 235.2 MB.

Unloading 18 unused Assets to reduce memory usage. Loaded Objects now: 3942.
Total: 3.289200 ms (FindLiveObjects: 0.298900 ms CreateObjectMapping: 0.119500 ms MarkObjects: 2.744500 ms  DeleteObjects: 0.125300 ms)

AssetImportParameters requested are different than current active one (requested -> active):
  custom:framework-win-MediaFoundation: 216162199b28c13a410421893ffa2e32 -> 
  custom:video-decoder-ogg-theora: a1e56fd34408186e4bbccfd4996cb3dc -> 
  custom:container-muxer-webm: aa71ff27fc2769a1b78a27578f13a17b -> 
  custom:container-demuxer-webm: 4f35f7cbe854078d1ac9338744f61a02 -> 
  custom:container-demuxer-ogg: 62fdf1f143b41e24485cea50d1cbac27 -> 
  custom:video-encoder-webm-vp8: eb34c28f22e8b96e1ab97ce403110664 -> 
  custom:video-decoder-webm-vp8: 9c59270c3fd7afecdb556c50c9e8de78 -> 
  custom:audio-decoder-ogg-vorbis: bf7c407c2cedff20999df2af8eb42d56 -> 
  custom:audio-encoder-webm-vorbis: bf7c407c2cedff20999df2af8eb42d56 -> 
========================================================================
Received Import Request.
  Time since last request: 66.449067 seconds.
  path: Assets/CorgiEngine/Demos/Corgi2D/Prefabs/PlayableCharacters/spine-space-cat.prefab
  artifactKey: Guid(258bb621ae72847a19516ca96017594d) Importer(815301076,1909f56bfc062723c751e8b465ee728b)
Start importing Assets/CorgiEngine/Demos/Corgi2D/Prefabs/PlayableCharacters/spine-space-cat.prefab using Guid(258bb621ae72847a19516ca96017594d) Importer(815301076,1909f56bfc062723c751e8b465ee728b) Tried select unknown importer for id '-2' '00000000000000000000000000000000'
 -> (artifact id: '78a2dfe174d7e53ad811aca6afe98f7f') in 0.274984 seconds 
========================================================================
Received Import Request.
  Time since last request: 1.514576 seconds.
  path: Assets/CorgiEngine/Demos/Corgi2D/Spine/SpaceCorgi/Baked/spine-space-cat.prefab
  artifactKey: Guid(2493d5ecb6dc5da4781e360cf74eb05f) Importer(815301076,1909f56bfc062723c751e8b465ee728b)
Start importing Assets/CorgiEngine/Demos/Corgi2D/Spine/SpaceCorgi/Baked/spine-space-cat.prefab using Guid(2493d5ecb6dc5da4781e360cf74eb05f) Importer(815301076,1909f56bfc062723c751e8b465ee728b)  -> (artifact id: '044e7c430a55baf88e07c104cd541ad7') in 0.203566 seconds 
========================================================================
Received Prepare
Registering precompiled user dll's ...
Registered in 0.003258 seconds.
Begin MonoManager ReloadAssembly
Native extension for WindowsStandalone target not found
Native extension for WebGL target not found
Refreshing native plugins compatible for Editor in 1.20 ms, found 3 plugins.
Preloading 0 native plugins for Editor in 0.00 ms.
Mono: successfully reloaded assembly
- Completed reload, in  1.037 seconds
Domain Reload Profiling:
	ReloadAssembly (1037ms)
		BeginReloadAssembly (117ms)
			ExecutionOrderSort (0ms)
			DisableScriptedObjects (6ms)
			BackupInstance (0ms)
			ReleaseScriptingObjects (0ms)
			CreateAndSetChildDomain (39ms)
		EndReloadAssembly (864ms)
			LoadAssemblies (104ms)
			RebuildTransferFunctionScriptingTraits (0ms)
			SetupTypeCache (292ms)
			ReleaseScriptCaches (1ms)
			RebuildScriptCaches (50ms)
			SetupLoadedEditorAssemblies (344ms)
				LogAssemblyErrors (0ms)
				InitializePlatformSupportModulesInManaged (5ms)
				SetLoadedEditorAssemblies (1ms)
				RefreshPlugins (1ms)
				BeforeProcessingInitializeOnLoad (88ms)
				ProcessInitializeOnLoadAttributes (230ms)
				ProcessInitializeOnLoadMethodAttributes (13ms)
				AfterProcessingInitializeOnLoad (5ms)
				EditorAssembliesLoaded (1ms)
			ExecutionOrderSort2 (0ms)
			AwakeInstancesAfterBackupRestoration (3ms)
Platform modules already initialized, skipping
Shader 'MoreMountains/MMRipple': fallback shader 'Particle/AlphaBlended' not found
Refreshing native plugins compatible for Editor in 1.18 ms, found 3 plugins.
Preloading 0 native plugins for Editor in 0.00 ms.
Unloading 3393 Unused Serialized files (Serialized files now loaded: 0)
System memory in use before: 235.5 MB.
System memory in use after: 235.6 MB.

Unloading 18 unused Assets to reduce memory usage. Loaded Objects now: 3961.
Total: 3.340400 ms (FindLiveObjects: 0.266900 ms CreateObjectMapping: 0.082100 ms MarkObjects: 2.823300 ms  DeleteObjects: 0.167000 ms)

AssetImportParameters requested are different than current active one (requested -> active):
  custom:framework-win-MediaFoundation: 216162199b28c13a410421893ffa2e32 -> 
  custom:video-decoder-ogg-theora: a1e56fd34408186e4bbccfd4996cb3dc -> 
  custom:container-muxer-webm: aa71ff27fc2769a1b78a27578f13a17b -> 
  custom:container-demuxer-webm: 4f35f7cbe854078d1ac9338744f61a02 -> 
  custom:container-demuxer-ogg: 62fdf1f143b41e24485cea50d1cbac27 -> 
  custom:video-encoder-webm-vp8: eb34c28f22e8b96e1ab97ce403110664 -> 
  custom:video-decoder-webm-vp8: 9c59270c3fd7afecdb556c50c9e8de78 -> 
  custom:audio-decoder-ogg-vorbis: bf7c407c2cedff20999df2af8eb42d56 -> 
  custom:audio-encoder-webm-vorbis: bf7c407c2cedff20999df2af8eb42d56 -> 
========================================================================
Received Import Request.
  Time since last request: 248.539926 seconds.
  path: Assets/CorgiEngine/Demos/LevelSelection/Sprites/level-map-lava.png
  artifactKey: Guid(fb992a61106672b468181a763fad04f3) Importer(815301076,1909f56bfc062723c751e8b465ee728b)
Start importing Assets/CorgiEngine/Demos/LevelSelection/Sprites/level-map-lava.png using Guid(fb992a61106672b468181a763fad04f3) Importer(815301076,1909f56bfc062723c751e8b465ee728b)  -> (artifact id: '199e15bb4c4a5bbc12934ac297c86c80') in 0.054357 seconds 
========================================================================
Received Import Request.
  Time since last request: 3.925564 seconds.
  path: Assets/CorgiEngine/Demos/LevelSelection/Sprites/level-map-mesa2.png
  artifactKey: Guid(0f2f02eabe02b7c4f80d8d4866b312ca) Importer(815301076,1909f56bfc062723c751e8b465ee728b)
Start importing Assets/CorgiEngine/Demos/LevelSelection/Sprites/level-map-mesa2.png using Guid(0f2f02eabe02b7c4f80d8d4866b312ca) Importer(815301076,1909f56bfc062723c751e8b465ee728b)  -> (artifact id: 'f6a5b7ef6176c4869096131baa47d890') in 0.008536 seconds 
========================================================================
Received Import Request.
  Time since last request: 9.425309 seconds.
  path: Assets/CorgiEngine/Demos/Corgi2D/Scripts/BackgroundTree.cs
  artifactKey: Guid(91aefb524414ce24a84a6178c64e62fd) Importer(815301076,1909f56bfc062723c751e8b465ee728b)
Start importing Assets/CorgiEngine/Demos/Corgi2D/Scripts/BackgroundTree.cs using Guid(91aefb524414ce24a84a6178c64e62fd) Importer(815301076,1909f56bfc062723c751e8b465ee728b)  -> (artifact id: 'b3d3f186f1316f965a503d7a7d35966b') in 0.021269 seconds 
========================================================================
Received Import Request.
  Time since last request: 46.198831 seconds.
  path: Assets/CorgiEngine/Demos/Corgi2D/Materials/whiteDust.mat
  artifactKey: Guid(464cb30736c02f14f99253df367af152) Importer(815301076,1909f56bfc062723c751e8b465ee728b)
Start importing Assets/CorgiEngine/Demos/Corgi2D/Materials/whiteDust.mat using Guid(464cb30736c02f14f99253df367af152) Importer(815301076,1909f56bfc062723c751e8b465ee728b)  -> (artifact id: 'f2559d1e84a9297e8ff29cd1383acb26') in 0.028971 seconds 
AssetImportWorkerClient::OnTransportError - code=2 error=End of file
